17:28:40.076 [background-preinit] INFO  o.h.validator.internal.util.Version -  -  - HV000001: Hibernate Validator 6.1.7.Final
17:28:40.106 [main] INFO  c.s.t.s.s.m.SpaceMissionManagerApplication -  -  - Starting SpaceMissionManagerApplication using Java 1.8.0_221 on LT131010 with PID 14088 (D:\Projects\Springboot Training\spacemission-manager\target\classes started by NB24490 in D:\Projects\Springboot Training\spacemission-manager)
17:28:40.109 [main] INFO  c.s.t.s.s.m.SpaceMissionManagerApplication -  -  - No active profile set, falling back to default profiles: default
17:28:42.424 [main] INFO  o.s.d.r.c.RepositoryConfigurationDelegate -  -  - Bootstrapping Spring Data JPA repositories in DEFAULT mode.
17:28:42.588 [main] INFO  o.s.d.r.c.RepositoryConfigurationDelegate -  -  - Finished Spring Data repository scanning in 144 ms. Found 1 JPA repository interfaces.
17:28:44.468 [main] INFO  o.s.b.w.e.tomcat.TomcatWebServer -  -  - Tomcat initialized with port(s): 8081 (http)
17:28:44.488 [main] INFO  o.a.coyote.http11.Http11NioProtocol -  -  - Initializing ProtocolHandler ["http-nio-8081"]
17:28:44.492 [main] INFO  o.a.catalina.core.StandardService -  -  - Starting service [Tomcat]
17:28:44.493 [main] INFO  o.a.catalina.core.StandardEngine -  -  - Starting Servlet engine: [Apache Tomcat/9.0.45]
17:28:44.768 [main] INFO  o.a.c.c.C.[Tomcat].[localhost].[/] -  -  - Initializing Spring embedded WebApplicationContext
17:28:44.769 [main] INFO  o.s.b.w.s.c.ServletWebServerApplicationContext -  -  - Root WebApplicationContext: initialization completed in 4543 ms
17:28:45.092 [main] INFO  com.zaxxer.hikari.HikariDataSource -  -  - HikariPool-1 - Starting...
17:28:45.526 [main] INFO  com.zaxxer.hikari.HikariDataSource -  -  - HikariPool-1 - Start completed.
17:28:45.541 [main] INFO  o.s.b.a.h.H2ConsoleAutoConfiguration -  -  - H2 console available at '/h2-console'. Database available at 'jdbc:h2:mem:testdb'
17:28:46.120 [main] INFO  org.hibernate.Version -  -  - HHH000412: Hibernate ORM core version 5.4.30.Final
17:28:46.354 [main] INFO  o.h.annotations.common.Version -  -  - HCANN000001: Hibernate Commons Annotations {5.1.2.Final}
17:28:46.701 [main] INFO  org.hibernate.dialect.Dialect -  -  - HHH000400: Using dialect: org.hibernate.dialect.H2Dialect
17:28:48.526 [main] INFO  o.h.e.t.j.p.i.JtaPlatformInitiator -  -  - HHH000490: Using JtaPlatform implementation: [org.hibernate.engine.transaction.jta.platform.internal.NoJtaPlatform]
17:28:48.549 [main] INFO  o.s.o.j.LocalContainerEntityManagerFactoryBean -  -  - Initialized JPA EntityManagerFactory for persistence unit 'default'
17:28:51.630 [main] INFO  o.s.s.c.ThreadPoolTaskExecutor -  -  - Initializing ExecutorService 'applicationTaskExecutor'
17:28:54.403 [main] INFO  o.s.b.a.e.web.EndpointLinksResolver -  -  - Exposing 13 endpoint(s) beneath base path '/actuator'
17:28:54.497 [main] INFO  o.a.coyote.http11.Http11NioProtocol -  -  - Starting ProtocolHandler ["http-nio-8081"]
17:28:54.586 [main] INFO  o.s.b.w.e.tomcat.TomcatWebServer -  -  - Tomcat started on port(s): 8081 (http) with context path ''
17:28:54.847 [main] INFO  c.s.t.s.s.m.SpaceMissionManagerApplication -  -  - Started SpaceMissionManagerApplication in 15.259 seconds (JVM running for 16.159)
17:29:01.809 [SpringContextShutdownHook] INFO  o.s.s.c.ThreadPoolTaskExecutor -  -  - Shutting down ExecutorService 'applicationTaskExecutor'
17:29:01.812 [SpringContextShutdownHook] INFO  o.s.o.j.LocalContainerEntityManagerFactoryBean -  -  - Closing JPA EntityManagerFactory for persistence unit 'default'
17:29:01.812 [SpringContextShutdownHook] INFO  o.h.t.s.i.SchemaDropperImpl$DelayedDropActionImpl -  -  - HHH000477: Starting delayed evictData of schema as part of SessionFactory shut-down'
17:29:01.835 [SpringContextShutdownHook] INFO  com.zaxxer.hikari.HikariDataSource -  -  - HikariPool-1 - Shutdown initiated...
17:29:01.840 [SpringContextShutdownHook] INFO  com.zaxxer.hikari.HikariDataSource -  -  - HikariPool-1 - Shutdown completed.
